0.05730390548706055,6469.0
2.066638946533203,6831.0
2.1230838298797607,7167.0
54.45600986480713,7519.0
77.80216670036316,7759.0
79.01698088645935,7814.0
101.77074480056763,7957.0
105.4515609741211,8101.0
107.88778591156006,8180.0
110.97363901138306,8305.0
115.12195682525635,8349.0
147.45846676826477,8393.0
148.42302179336548,8645.0
162.6473138332367,8688.0
170.6610918045044,8818.0
189.7255139350891,8919.0
196.44836592674255,8948.0
207.14707684516907,9784.0
274.7810299396515,9926.0
275.7193338871002,10383.0
