0.1093449592590332,9958.0
10.95415711402893,10469.0
26.53815221786499,10510.0
138.0441210269928,10971.0
142.90802717208862,11351.0
326.8899230957031,11795.0
388.57131910324097,12069.0
412.3861150741577,12109.0
440.6013858318329,12250.0
557.7974410057068,12919.0
653.5480680465698,12988.0
662.3560979366302,13288.0
739.637139081955,13406.0
842.3801190853119,13729.0
1097.9030730724335,14184.0
1098.4101531505585,15316.0
1285.8329918384552,15540.0
1291.9621360301971,15541.0
1315.771572113037,15767.0
1502.642912864685,16110.0
1583.1068398952484,16511.0
1638.7275140285492,17239.0
1744.365082025528,17469.0
