3.5762786865234375e-05,1954.0
0.0002448558807373047,3634.0
0.0019147396087646484,5565.0
0.0071048736572265625,5737.0
0.01724076271057129,6191.0
0.1547839641571045,7139.0
1.557220697402954,7249.0
2.0348947048187256,7647.0
3.3914248943328857,7687.0
4.620064973831177,7811.0
5.3771748542785645,7814.0
7.844784736633301,7877.0
16.763001680374146,7889.0
25.549033880233765,7895.0
31.57871174812317,8025.0
36.12719488143921,8041.0
52.55821895599365,8087.0
60.975318908691406,8403.0
84.4052107334137,8522.0
93.59875679016113,8737.0
130.6487798690796,9844.0
