2.002716064453125e-05,3462.0
9.083747863769531e-05,3487.0
0.0002288818359375,3847.0
0.0002989768981933594,4236.0
0.00043582916259765625,4485.0
0.0022988319396972656,4589.0
0.007036924362182617,4624.0
0.010560035705566406,4790.0
0.011250972747802734,4958.0
0.02028179168701172,5005.0
0.021205902099609375,5252.0
0.022063732147216797,6075.0
0.04639172554016113,6355.0
0.05359387397766113,6365.0
0.151594877243042,7626.0
3.439965009689331,7802.0
5.425720930099487,7895.0
11.694499731063843,8305.0
75.80293893814087,8522.0
316.2951068878174,8530.0
723.2748799324036,8544.0
