1.9073486328125e-05,1841.0
8.893013000488281e-05,3903.0
0.0007359981536865234,4426.0
0.006474018096923828,5862.0
0.020975828170776367,6418.0
0.17143893241882324,6610.0
0.18159222602844238,6822.0
0.3278968334197998,6842.0
0.5848500728607178,6910.0
0.7156298160552979,7148.0
1.0662059783935547,7487.0
4.677292108535767,7513.0
5.269237995147705,7667.0
8.088144063949585,7742.0
35.60546588897705,7774.0
48.77232909202576,7880.0
49.0095419883728,8056.0
84.47608804702759,8135.0
108.91209602355957,8344.0
187.03258609771729,8662.0
619.4405100345612,8681.0
698.2128798961639,8900.0
