2.09808349609375e-05,2305.0
9.083747863769531e-05,3388.0
0.00023603439331054688,4376.0
0.0017657279968261719,5826.0
0.02372288703918457,5904.0
0.1585838794708252,5940.0
0.16708087921142578,6359.0
0.20905184745788574,6452.0
0.25733089447021484,6505.0
0.27971386909484863,6646.0
0.46687793731689453,6719.0
0.5435459613800049,6729.0
1.0975098609924316,6802.0
1.173569917678833,6980.0
1.4685990810394287,7274.0
1.5951240062713623,7379.0
1.9847350120544434,7532.0
9.16213607788086,7729.0
18.62150287628174,7872.0
26.377972841262817,8024.0
72.86536502838135,8034.0
184.29106783866882,8037.0
197.45617508888245,8278.0
567.4589018821716,8709.0
