2.9087066650390625e-05,1835.0
9.894371032714844e-05,1940.0
0.0002980232238769531,2545.0
0.0003769397735595703,3207.0
0.0006420612335205078,3390.0
0.0007069110870361328,4807.0
0.0050852298736572266,4938.0
0.006693124771118164,5212.0
0.011902093887329102,5381.0
0.013833284378051758,6097.0
0.059365034103393555,6309.0
0.09570908546447754,6578.0
0.28847503662109375,6620.0
0.7475402355194092,6768.0
1.426163911819458,6864.0
1.814777135848999,6905.0
2.4744820594787598,7230.0
4.058038949966431,7434.0
9.10733413696289,7977.0
37.309377908706665,8382.0
82.09511709213257,8629.0
284.1078429222107,8661.0
579.3219821453094,8808.0
