2.193450927734375e-05,2212.0
0.0001609325408935547,3202.0
0.0005030632019042969,3838.0
0.001055002212524414,4495.0
0.0022919178009033203,4567.0
0.007166862487792969,4699.0
0.00846099853515625,5344.0
0.008929967880249023,5451.0
0.010406732559204102,6237.0
0.03823208808898926,6558.0
0.2812459468841553,6592.0
0.33155202865600586,6616.0
0.4112377166748047,6973.0
1.9446547031402588,7168.0
2.169257879257202,7374.0
3.186569929122925,7617.0
11.270756721496582,7867.0
16.6959867477417,7896.0
28.3532657623291,8168.0
98.19533109664917,8442.0
695.0223391056061,8473.0
