0.00018525123596191406,5228.0
0.004395008087158203,5282.0
0.02555704116821289,5304.0
0.05539512634277344,5345.0
0.059655189514160156,5348.0
0.17887616157531738,5379.0
0.20875310897827148,5439.0
0.2337641716003418,5509.0
0.2379603385925293,5597.0
0.2587110996246338,5598.0
0.44577932357788086,5686.0
1.1228132247924805,5711.0
1.7462401390075684,5746.0
2.2599050998687744,5761.0
4.103074073791504,5824.0
9.266143321990967,5881.0
24.778545141220093,5910.0
101.85498332977295,5925.0
154.75387907028198,5931.0
166.5405433177948,5944.0
218.65163898468018,5992.0
559.2785720825195,5998.0
646.460488319397,6067.0
