3.695487976074219e-05,2327.0
0.00045490264892578125,2548.0
0.0008718967437744141,3120.0
0.0010807514190673828,3276.0
0.0012888908386230469,3436.0
0.0019168853759765625,4144.0
0.003793954849243164,4708.0
0.007200002670288086,5136.0
0.013074874877929688,5380.0
0.04083991050720215,5576.0
0.04272007942199707,5618.0
0.04813694953918457,6079.0
0.07944297790527344,6637.0
0.1591479778289795,6795.0
0.2690849304199219,6842.0
0.5128440856933594,7114.0
0.6793370246887207,7370.0
0.805156946182251,7453.0
1.6557331085205078,7950.0
25.85307812690735,7995.0
31.4128577709198,8218.0
53.32191801071167,8246.0
75.50573182106018,8283.0
115.80877017974854,8310.0
121.03347587585449,8314.0
135.7166290283203,8969.0
548.298770904541,9266.0
732.6521091461182,9752.0
